2020-04-25 09:02:07,599 p=25290 u=ansible n=ansible | PLAY [configuring web server] *********************************************************************************
2020-04-25 09:02:07,611 p=25290 u=ansible n=ansible | TASK [Gathering Facts] ****************************************************************************************
2020-04-25 09:02:08,747 p=25290 u=ansible n=ansible | ok: [node3]
2020-04-25 09:02:08,759 p=25290 u=ansible n=ansible | TASK [myfirewall : install firewalld] *************************************************************************
2020-04-25 09:02:09,757 p=25290 u=ansible n=ansible | ok: [node3]
2020-04-25 09:02:09,769 p=25290 u=ansible n=ansible | TASK [myfirewall : start firewalld service] *******************************************************************
2020-04-25 09:02:11,317 p=25290 u=ansible n=ansible | changed: [node3]
2020-04-25 09:02:11,328 p=25290 u=ansible n=ansible | TASK [myfirewall : open ports in firewalld] *******************************************************************
2020-04-25 09:02:12,476 p=25290 u=ansible n=ansible | ok: [node3]
2020-04-25 09:02:12,488 p=25290 u=ansible n=ansible | TASK [myvhost : install httpd] ********************************************************************************
2020-04-25 09:02:21,628 p=25290 u=ansible n=ansible | ok: [node3]
2020-04-25 09:02:21,639 p=25290 u=ansible n=ansible | TASK [myvhost : start httpd service] **************************************************************************
2020-04-25 09:02:23,254 p=25290 u=ansible n=ansible | changed: [node3]
2020-04-25 09:02:23,267 p=25290 u=ansible n=ansible | TASK [myvhost : copy the html file] ***************************************************************************
2020-04-25 09:02:24,300 p=25290 u=ansible n=ansible | ok: [node3]
2020-04-25 09:02:24,312 p=25290 u=ansible n=ansible | TASK [myvhost : vhost template file] **************************************************************************
2020-04-25 09:02:24,979 p=25290 u=ansible n=ansible | ok: [node3]
2020-04-25 09:02:24,981 p=25290 u=ansible n=ansible | PLAY RECAP ****************************************************************************************************
2020-04-25 09:02:24,981 p=25290 u=ansible n=ansible | node3                      : ok=8    changed=2    unreachable=0    failed=0    skipped=0    rescued=0    ignored=0   
2020-04-26 07:51:33,492 p=1345 u=ansible n=ansible | node4 | SUCCESS => {
    "ansible_facts": {
        "discovered_interpreter_python": "/usr/bin/python"
    }, 
    "changed": false, 
    "ping": "pong"
}
2020-04-26 07:51:33,536 p=1345 u=ansible n=ansible | node3 | SUCCESS => {
    "ansible_facts": {
        "discovered_interpreter_python": "/usr/bin/python"
    }, 
    "changed": false, 
    "ping": "pong"
}
2020-04-26 07:59:49,714 p=1496 u=ansible n=ansible | PLAY [Import role] ********************************************************************************************
2020-04-26 07:59:49,744 p=1496 u=ansible n=ansible | TASK [Gathering Facts] ****************************************************************************************
2020-04-26 07:59:51,603 p=1496 u=ansible n=ansible | ok: [node4]
2020-04-26 07:59:51,638 p=1496 u=ansible n=ansible | ok: [node3]
2020-04-26 07:59:51,653 p=1496 u=ansible n=ansible | TASK [Install wget] *******************************************************************************************
2020-04-26 07:59:53,711 p=1496 u=ansible n=ansible | ok: [node4]
2020-04-26 07:59:53,837 p=1496 u=ansible n=ansible | ok: [node3]
2020-04-26 07:59:53,849 p=1496 u=ansible n=ansible | TASK [myfirewall : install firewalld] *************************************************************************
2020-04-26 07:59:54,747 p=1496 u=ansible n=ansible | ok: [node4]
2020-04-26 07:59:54,770 p=1496 u=ansible n=ansible | ok: [node3]
2020-04-26 07:59:54,798 p=1496 u=ansible n=ansible | TASK [myfirewall : start firewalld service] *******************************************************************
2020-04-26 07:59:56,416 p=1496 u=ansible n=ansible | changed: [node3]
2020-04-26 07:59:56,421 p=1496 u=ansible n=ansible | changed: [node4]
2020-04-26 07:59:56,432 p=1496 u=ansible n=ansible | TASK [myfirewall : open ports in firewalld] *******************************************************************
2020-04-26 07:59:57,536 p=1496 u=ansible n=ansible | ok: [node3]
2020-04-26 07:59:57,581 p=1496 u=ansible n=ansible | changed: [node4]
2020-04-26 07:59:57,593 p=1496 u=ansible n=ansible | TASK [myvhost : install httpd] ********************************************************************************
2020-04-26 08:00:09,559 p=1496 u=ansible n=ansible | ok: [node3]
2020-04-26 08:00:13,460 p=1496 u=ansible n=ansible | ok: [node4]
2020-04-26 08:00:13,472 p=1496 u=ansible n=ansible | TASK [myvhost : start httpd service] **************************************************************************
2020-04-26 08:00:14,584 p=1496 u=ansible n=ansible | changed: [node4]
2020-04-26 08:00:15,224 p=1496 u=ansible n=ansible | changed: [node3]
2020-04-26 08:00:15,255 p=1496 u=ansible n=ansible | TASK [myvhost : copy the html file] ***************************************************************************
2020-04-26 08:00:16,708 p=1496 u=ansible n=ansible | ok: [node3]
2020-04-26 08:00:16,732 p=1496 u=ansible n=ansible | changed: [node4]
2020-04-26 08:00:16,759 p=1496 u=ansible n=ansible | TASK [myvhost : vhost template file] **************************************************************************
2020-04-26 08:00:17,534 p=1496 u=ansible n=ansible | ok: [node3]
2020-04-26 08:00:17,617 p=1496 u=ansible n=ansible | changed: [node4]
2020-04-26 08:00:17,617 p=1496 u=ansible n=ansible | RUNNING HANDLER [myvhost : restart httpd] *********************************************************************
2020-04-26 08:00:19,183 p=1496 u=ansible n=ansible | changed: [node4]
2020-04-26 08:00:19,185 p=1496 u=ansible n=ansible | PLAY RECAP ****************************************************************************************************
2020-04-26 08:00:19,185 p=1496 u=ansible n=ansible | node3                      : ok=9    changed=2    unreachable=0    failed=0    skipped=0    rescued=0    ignored=0   
2020-04-26 08:00:19,185 p=1496 u=ansible n=ansible | node4                      : ok=10   changed=6    unreachable=0    failed=0    skipped=0    rescued=0    ignored=0   
2020-04-26 08:00:56,351 p=1725 u=ansible n=ansible | PLAY [Import role] ********************************************************************************************
2020-04-26 08:00:56,361 p=1725 u=ansible n=ansible | TASK [Gathering Facts] ****************************************************************************************
2020-04-26 08:00:57,577 p=1725 u=ansible n=ansible | ok: [node3]
2020-04-26 08:00:57,585 p=1725 u=ansible n=ansible | ok: [node4]
2020-04-26 08:00:57,598 p=1725 u=ansible n=ansible | TASK [Install wget] *******************************************************************************************
2020-04-26 08:00:58,741 p=1725 u=ansible n=ansible | ok: [node4]
2020-04-26 08:00:58,755 p=1725 u=ansible n=ansible | ok: [node3]
2020-04-26 08:00:58,766 p=1725 u=ansible n=ansible | TASK [Include role] *******************************************************************************************
2020-04-26 08:00:58,852 p=1725 u=ansible n=ansible | TASK [myfirewall : install firewalld] *************************************************************************
2020-04-26 08:00:59,737 p=1725 u=ansible n=ansible | ok: [node3]
2020-04-26 08:00:59,757 p=1725 u=ansible n=ansible | ok: [node4]
2020-04-26 08:00:59,769 p=1725 u=ansible n=ansible | TASK [myfirewall : start firewalld service] *******************************************************************
2020-04-26 08:01:01,411 p=1725 u=ansible n=ansible | changed: [node3]
2020-04-26 08:01:01,441 p=1725 u=ansible n=ansible | changed: [node4]
2020-04-26 08:01:01,452 p=1725 u=ansible n=ansible | TASK [myfirewall : open ports in firewalld] *******************************************************************
2020-04-26 08:01:02,657 p=1725 u=ansible n=ansible | changed: [node4]
2020-04-26 08:01:02,679 p=1725 u=ansible n=ansible | ok: [node3]
2020-04-26 08:01:02,695 p=1725 u=ansible n=ansible | TASK [myfirewall : install firewalld] *************************************************************************
2020-04-26 08:01:03,646 p=1725 u=ansible n=ansible | ok: [node4]
2020-04-26 08:01:03,649 p=1725 u=ansible n=ansible | ok: [node3]
2020-04-26 08:01:03,661 p=1725 u=ansible n=ansible | TASK [myfirewall : start firewalld service] *******************************************************************
2020-04-26 08:01:04,868 p=1725 u=ansible n=ansible | changed: [node4]
2020-04-26 08:01:04,874 p=1725 u=ansible n=ansible | changed: [node3]
2020-04-26 08:01:04,885 p=1725 u=ansible n=ansible | TASK [myfirewall : open ports in firewalld] *******************************************************************
2020-04-26 08:01:05,835 p=1725 u=ansible n=ansible | ok: [node4]
2020-04-26 08:01:05,839 p=1725 u=ansible n=ansible | ok: [node3]
2020-04-26 08:01:05,851 p=1725 u=ansible n=ansible | TASK [myvhost : install httpd] ********************************************************************************
2020-04-26 08:01:13,000 p=1725 u=ansible n=ansible | ok: [node3]
2020-04-26 08:01:17,899 p=1725 u=ansible n=ansible | ok: [node4]
2020-04-26 08:01:17,911 p=1725 u=ansible n=ansible | TASK [myvhost : start httpd service] **************************************************************************
2020-04-26 08:01:19,561 p=1725 u=ansible n=ansible | changed: [node4]
2020-04-26 08:01:19,979 p=1725 u=ansible n=ansible | changed: [node3]
2020-04-26 08:01:19,992 p=1725 u=ansible n=ansible | TASK [myvhost : copy the html file] ***************************************************************************
2020-04-26 08:01:21,166 p=1725 u=ansible n=ansible | ok: [node3]
2020-04-26 08:01:21,170 p=1725 u=ansible n=ansible | ok: [node4]
2020-04-26 08:01:21,182 p=1725 u=ansible n=ansible | TASK [myvhost : vhost template file] **************************************************************************
2020-04-26 08:01:21,992 p=1725 u=ansible n=ansible | ok: [node3]
2020-04-26 08:01:21,996 p=1725 u=ansible n=ansible | ok: [node4]
2020-04-26 08:01:21,998 p=1725 u=ansible n=ansible | PLAY RECAP ****************************************************************************************************
2020-04-26 08:01:21,998 p=1725 u=ansible n=ansible | node3                      : ok=12   changed=3    unreachable=0    failed=0    skipped=0    rescued=0    ignored=0   
2020-04-26 08:01:21,998 p=1725 u=ansible n=ansible | node4                      : ok=12   changed=4    unreachable=0    failed=0    skipped=0    rescued=0    ignored=0   
2020-04-26 08:03:01,023 p=2024 u=ansible n=ansible | PLAY [Import role] ********************************************************************************************
2020-04-26 08:03:01,033 p=2024 u=ansible n=ansible | TASK [Gathering Facts] ****************************************************************************************
2020-04-26 08:03:02,701 p=2024 u=ansible n=ansible | ok: [node4]
2020-04-26 08:03:02,710 p=2024 u=ansible n=ansible | ok: [node3]
2020-04-26 08:03:02,722 p=2024 u=ansible n=ansible | TASK [Install wget] *******************************************************************************************
2020-04-26 08:03:04,030 p=2024 u=ansible n=ansible | ok: [node4]
2020-04-26 08:03:04,047 p=2024 u=ansible n=ansible | ok: [node3]
2020-04-26 08:03:04,059 p=2024 u=ansible n=ansible | TASK [Include role] *******************************************************************************************
2020-04-26 08:03:04,200 p=2024 u=ansible n=ansible | TASK [myfirewall : install firewalld] *************************************************************************
2020-04-26 08:03:05,083 p=2024 u=ansible n=ansible | ok: [node4]
2020-04-26 08:03:05,089 p=2024 u=ansible n=ansible | ok: [node3]
2020-04-26 08:03:05,100 p=2024 u=ansible n=ansible | TASK [myfirewall : start firewalld service] *******************************************************************
2020-04-26 08:03:06,633 p=2024 u=ansible n=ansible | changed: [node4]
2020-04-26 08:03:06,639 p=2024 u=ansible n=ansible | changed: [node3]
2020-04-26 08:03:06,651 p=2024 u=ansible n=ansible | TASK [myfirewall : open ports in firewalld] *******************************************************************
2020-04-26 08:03:07,714 p=2024 u=ansible n=ansible | ok: [node3]
2020-04-26 08:03:07,717 p=2024 u=ansible n=ansible | ok: [node4]
2020-04-26 08:03:07,719 p=2024 u=ansible n=ansible | PLAY RECAP ****************************************************************************************************
2020-04-26 08:03:07,719 p=2024 u=ansible n=ansible | node3                      : ok=5    changed=1    unreachable=0    failed=0    skipped=0    rescued=0    ignored=0   
2020-04-26 08:03:07,720 p=2024 u=ansible n=ansible | node4                      : ok=5    changed=1    unreachable=0    failed=0    skipped=0    rescued=0    ignored=0   
2020-04-26 08:54:42,811 p=3108 u=ansible n=ansible | playbook: usercreation.yml
2020-04-26 08:54:47,128 p=3116 u=ansible n=ansible | PLAY [create user and groups and install patches] *************************************************************
2020-04-26 08:54:47,138 p=3116 u=ansible n=ansible | TASK [Gathering Facts] ****************************************************************************************
2020-04-26 08:54:48,488 p=3116 u=ansible n=ansible | ok: [node3]
2020-04-26 08:54:48,500 p=3116 u=ansible n=ansible | TASK [create group] *******************************************************************************************
2020-04-26 08:54:49,162 p=3116 u=ansible n=ansible | changed: [node3] => (item=admin)
2020-04-26 08:54:49,503 p=3116 u=ansible n=ansible | changed: [node3] => (item=developer)
2020-04-26 08:54:49,837 p=3116 u=ansible n=ansible | changed: [node3] => (item=monitoring)
2020-04-26 08:54:49,852 p=3116 u=ansible n=ansible | TASK [create STAFF USER] **************************************************************************************
2020-04-26 08:54:50,678 p=3116 u=ansible n=ansible | changed: [node3] => (item=alice)
2020-04-26 08:54:51,067 p=3116 u=ansible n=ansible | changed: [node3] => (item=fred)
2020-04-26 08:54:51,471 p=3116 u=ansible n=ansible | changed: [node3] => (item=robin)
2020-04-26 08:54:51,881 p=3116 u=ansible n=ansible | changed: [node3] => (item=natasha)
2020-04-26 08:54:52,280 p=3116 u=ansible n=ansible | changed: [node3] => (item=eric)
2020-04-26 08:54:52,296 p=3116 u=ansible n=ansible | TASK [create guests USER] *************************************************************************************
2020-04-26 08:54:52,759 p=3116 u=ansible n=ansible | changed: [node3] => (item=rob)
2020-04-26 08:54:53,160 p=3116 u=ansible n=ansible | changed: [node3] => (item=bob)
2020-04-26 08:54:53,557 p=3116 u=ansible n=ansible | changed: [node3] => (item=michael)
2020-04-26 08:54:53,950 p=3116 u=ansible n=ansible | changed: [node3] => (item=williams)
2020-04-26 08:54:54,345 p=3116 u=ansible n=ansible | changed: [node3] => (item=julia)
2020-04-26 08:54:54,360 p=3116 u=ansible n=ansible | TASK [revoke the USER] ****************************************************************************************
2020-04-26 08:54:54,786 p=3116 u=ansible n=ansible | ok: [node3] => (item=sara)
2020-04-26 08:54:55,148 p=3116 u=ansible n=ansible | ok: [node3] => (item=frank)
2020-04-26 08:54:55,514 p=3116 u=ansible n=ansible | ok: [node3] => (item=larry)
2020-04-26 08:54:55,875 p=3116 u=ansible n=ansible | ok: [node3] => (item=lisa)
2020-04-26 08:54:56,228 p=3116 u=ansible n=ansible | ok: [node3] => (item=roger)
2020-04-26 08:54:56,244 p=3116 u=ansible n=ansible | TASK [innstalling the patches] ********************************************************************************
2020-04-26 08:54:56,284 p=3273 u=ansible n=ansible | [DEPRECATION WARNING]: Invoking "yum" only once while using a loop via squash_actions is deprecated. Instead 
of using a loop to supply multiple items and specifying `name: "{{ item }}"`, please use `name: ['{{ patches 
}}']` and remove the loop. This feature will be removed in version 2.11. Deprecation warnings can be disabled 
by setting deprecation_warnings=False in ansible.cfg.
2020-04-26 08:55:12,636 p=3116 u=ansible n=ansible | changed: [node3] => (item=[u'tree', u'wget', u'ntp', u'nginx'])
2020-04-26 08:55:12,639 p=3116 u=ansible n=ansible | PLAY RECAP ****************************************************************************************************
2020-04-26 08:55:12,639 p=3116 u=ansible n=ansible | node3                      : ok=6    changed=4    unreachable=0    failed=0    skipped=0    rescued=0    ignored=0   
2020-04-26 09:09:06,235 p=3498 u=ansible n=ansible | PLAY [Install git using role] *********************************************************************************
2020-04-26 09:09:06,245 p=3498 u=ansible n=ansible | TASK [Gathering Facts] ****************************************************************************************
2020-04-26 09:09:07,909 p=3498 u=ansible n=ansible | ok: [node4]
2020-04-26 09:09:07,918 p=3498 u=ansible n=ansible | ok: [node3]
2020-04-26 09:09:07,930 p=3498 u=ansible n=ansible | TASK [git : Install git] **************************************************************************************
2020-04-26 09:09:23,037 p=3498 u=ansible n=ansible | changed: [node4]
2020-04-26 09:09:24,715 p=3498 u=ansible n=ansible | changed: [node3]
2020-04-26 09:09:24,717 p=3498 u=ansible n=ansible | PLAY RECAP ****************************************************************************************************
2020-04-26 09:09:24,717 p=3498 u=ansible n=ansible | node3                      : ok=2    changed=1    unreachable=0    failed=0    skipped=0    rescued=0    ignored=0   
2020-04-26 09:09:24,717 p=3498 u=ansible n=ansible | node4                      : ok=2    changed=1    unreachable=0    failed=0    skipped=0    rescued=0    ignored=0   
2020-04-26 09:15:01,855 p=3765 u=ansible n=ansible | ERROR! this task 'import_task' has extra params, which is only allowed in the following modules: shell, win_shell, include_vars, add_host, raw, include_role, meta, set_fact, include, import_tasks, script, import_role, include_tasks, group_by, command, win_command

The error appears to be in '/home/ansible/dev/roles/import/tasks/main.yml': line 2, column 3, but may
be elsewhere in the file depending on the exact syntax problem.

The offending line appears to be:

---
- import_task: installhttpd.yml
  ^ here

2020-04-26 09:16:03,741 p=3788 u=ansible n=ansible | PLAY [Install httpd and restart the service] ******************************************************************
2020-04-26 09:16:03,752 p=3788 u=ansible n=ansible | TASK [Gathering Facts] ****************************************************************************************
2020-04-26 09:16:05,449 p=3788 u=ansible n=ansible | ok: [node3]
2020-04-26 09:16:05,457 p=3788 u=ansible n=ansible | ok: [node4]
2020-04-26 09:16:05,470 p=3788 u=ansible n=ansible | TASK [import : Install httpd] *********************************************************************************
2020-04-26 09:16:14,945 p=3788 u=ansible n=ansible | ok: [node3]
2020-04-26 09:16:14,990 p=3788 u=ansible n=ansible | ok: [node4]
2020-04-26 09:16:15,002 p=3788 u=ansible n=ansible | TASK [import : Service restart] *******************************************************************************
2020-04-26 09:16:17,255 p=3788 u=ansible n=ansible | changed: [node3]
2020-04-26 09:16:17,262 p=3788 u=ansible n=ansible | changed: [node4]
2020-04-26 09:16:17,264 p=3788 u=ansible n=ansible | PLAY RECAP ****************************************************************************************************
2020-04-26 09:16:17,264 p=3788 u=ansible n=ansible | node3                      : ok=3    changed=1    unreachable=0    failed=0    skipped=0    rescued=0    ignored=0   
2020-04-26 09:16:17,264 p=3788 u=ansible n=ansible | node4                      : ok=3    changed=1    unreachable=0    failed=0    skipped=0    rescued=0    ignored=0   
2020-04-26 09:20:00,225 p=3917 u=ansible n=ansible | PLAY [Import role] ********************************************************************************************
2020-04-26 09:20:00,235 p=3917 u=ansible n=ansible | TASK [Gathering Facts] ****************************************************************************************
2020-04-26 09:20:01,874 p=3917 u=ansible n=ansible | ok: [node3]
2020-04-26 09:20:01,882 p=3917 u=ansible n=ansible | ok: [node4]
2020-04-26 09:20:01,937 p=3917 u=ansible n=ansible | TASK [echo] ***************************************************************************************************
2020-04-26 09:20:02,719 p=3917 u=ansible n=ansible | changed: [node4]
2020-04-26 09:20:02,724 p=3917 u=ansible n=ansible | changed: [node3]
2020-04-26 09:20:02,737 p=3917 u=ansible n=ansible | TASK [debug] **************************************************************************************************
2020-04-26 09:20:02,770 p=3917 u=ansible n=ansible | ok: [node3] => {
    "msg": "output"
}
2020-04-26 09:20:02,783 p=3917 u=ansible n=ansible | ok: [node4] => {
    "msg": "output"
}
2020-04-26 09:20:02,795 p=3917 u=ansible n=ansible | TASK [git : Install git] **************************************************************************************
2020-04-26 09:20:11,302 p=3917 u=ansible n=ansible | ok: [node3]
2020-04-26 09:20:15,197 p=3917 u=ansible n=ansible | ok: [node4]
2020-04-26 09:20:15,199 p=3917 u=ansible n=ansible | PLAY RECAP ****************************************************************************************************
2020-04-26 09:20:15,199 p=3917 u=ansible n=ansible | node3                      : ok=4    changed=1    unreachable=0    failed=0    skipped=0    rescued=0    ignored=0   
2020-04-26 09:20:15,199 p=3917 u=ansible n=ansible | node4                      : ok=4    changed=1    unreachable=0    failed=0    skipped=0    rescued=0    ignored=0   
2020-04-26 09:22:45,074 p=4038 u=ansible n=ansible | PLAY [Import role] ********************************************************************************************
2020-04-26 09:22:45,083 p=4038 u=ansible n=ansible | TASK [Gathering Facts] ****************************************************************************************
2020-04-26 09:22:46,718 p=4038 u=ansible n=ansible | ok: [node4]
2020-04-26 09:22:46,727 p=4038 u=ansible n=ansible | ok: [node3]
2020-04-26 09:22:46,739 p=4038 u=ansible n=ansible | TASK [echo] ***************************************************************************************************
2020-04-26 09:22:47,489 p=4038 u=ansible n=ansible | changed: [node4]
2020-04-26 09:22:47,493 p=4038 u=ansible n=ansible | changed: [node3]
2020-04-26 09:22:47,505 p=4038 u=ansible n=ansible | TASK [debug] **************************************************************************************************
2020-04-26 09:22:47,547 p=4038 u=ansible n=ansible | ok: [node3] => {
    "msg": "output"
}
2020-04-26 09:22:47,550 p=4038 u=ansible n=ansible | ok: [node4] => {
    "msg": "output"
}
2020-04-26 09:22:47,563 p=4038 u=ansible n=ansible | TASK [git : Install git] **************************************************************************************
2020-04-26 09:22:54,048 p=4038 u=ansible n=ansible | ok: [node3]
2020-04-26 09:22:57,095 p=4038 u=ansible n=ansible | ok: [node4]
2020-04-26 09:22:57,097 p=4038 u=ansible n=ansible | PLAY RECAP ****************************************************************************************************
2020-04-26 09:22:57,097 p=4038 u=ansible n=ansible | node3                      : ok=4    changed=1    unreachable=0    failed=0    skipped=0    rescued=0    ignored=0   
2020-04-26 09:22:57,097 p=4038 u=ansible n=ansible | node4                      : ok=4    changed=1    unreachable=0    failed=0    skipped=0    rescued=0    ignored=0   
2020-04-26 09:23:37,936 p=4132 u=ansible n=ansible | PLAY [Import role] ********************************************************************************************
2020-04-26 09:23:37,945 p=4132 u=ansible n=ansible | TASK [Gathering Facts] ****************************************************************************************
2020-04-26 09:23:39,287 p=4132 u=ansible n=ansible | ok: [node3]
2020-04-26 09:23:39,295 p=4132 u=ansible n=ansible | ok: [node4]
2020-04-26 09:23:39,307 p=4132 u=ansible n=ansible | TASK [echo] ***************************************************************************************************
2020-04-26 09:23:40,048 p=4132 u=ansible n=ansible | changed: [node4]
2020-04-26 09:23:40,055 p=4132 u=ansible n=ansible | changed: [node3]
2020-04-26 09:23:40,067 p=4132 u=ansible n=ansible | TASK [debug] **************************************************************************************************
2020-04-26 09:23:40,108 p=4132 u=ansible n=ansible | ok: [node3] => {
    "msg": "output"
}
2020-04-26 09:23:40,111 p=4132 u=ansible n=ansible | ok: [node4] => {
    "msg": "output"
}
2020-04-26 09:23:40,123 p=4132 u=ansible n=ansible | TASK [include_role : myfirewall] ******************************************************************************
2020-04-26 09:23:40,267 p=4132 u=ansible n=ansible | TASK [myfirewall : install firewalld] *************************************************************************
2020-04-26 09:23:41,402 p=4132 u=ansible n=ansible | ok: [node4]
2020-04-26 09:23:41,406 p=4132 u=ansible n=ansible | ok: [node3]
2020-04-26 09:23:41,418 p=4132 u=ansible n=ansible | TASK [myfirewall : start firewalld service] *******************************************************************
2020-04-26 09:23:42,980 p=4132 u=ansible n=ansible | changed: [node3]
2020-04-26 09:23:42,987 p=4132 u=ansible n=ansible | changed: [node4]
2020-04-26 09:23:42,999 p=4132 u=ansible n=ansible | TASK [myfirewall : open ports in firewalld] *******************************************************************
2020-04-26 09:23:44,040 p=4132 u=ansible n=ansible | ok: [node3]
2020-04-26 09:23:44,052 p=4132 u=ansible n=ansible | ok: [node4]
2020-04-26 09:23:44,064 p=4132 u=ansible n=ansible | TASK [git : Install git] **************************************************************************************
2020-04-26 09:23:47,238 p=4132 u=ansible n=ansible | ok: [node3]
2020-04-26 09:23:53,114 p=4132 u=ansible n=ansible | ok: [node4]
2020-04-26 09:23:53,116 p=4132 u=ansible n=ansible | PLAY RECAP ****************************************************************************************************
2020-04-26 09:23:53,116 p=4132 u=ansible n=ansible | node3                      : ok=7    changed=2    unreachable=0    failed=0    skipped=0    rescued=0    ignored=0   
2020-04-26 09:23:53,117 p=4132 u=ansible n=ansible | node4                      : ok=7    changed=2    unreachable=0    failed=0    skipped=0    rescued=0    ignored=0   
2020-04-26 09:30:30,897 p=4380 u=ansible n=ansible | PLAY [localhost] **********************************************************************************************
2020-04-26 09:30:30,907 p=4380 u=ansible n=ansible | TASK [debug] **************************************************************************************************
2020-04-26 09:30:30,923 p=4380 u=ansible n=ansible | ok: [localhost] => {
    "msg": "Hello world!"
}
2020-04-26 09:30:30,927 p=4380 u=ansible n=ansible | TASK [include_role : example] *********************************************************************************
2020-04-26 09:30:30,942 p=4380 u=ansible n=ansible | ERROR! the role 'example' was not found in /home/ansible/dev/roles:/home/ansible/dev/roles:/home/ansible/dev

The error appears to be in '/home/ansible/dev/test.yml': line 9, column 15, but may
be elsewhere in the file depending on the exact syntax problem.

The offending line appears to be:

    - include_role:
        name: example
              ^ here

2020-04-26 09:30:30,943 p=4380 u=ansible n=ansible | PLAY RECAP ****************************************************************************************************
2020-04-26 09:30:30,943 p=4380 u=ansible n=ansible | localhost                  : ok=1    changed=0    unreachable=0    failed=0    skipped=0    rescued=0    ignored=0   
2020-04-26 09:31:22,055 p=4410 u=ansible n=ansible | ERROR! the role 'example' was not found in /home/ansible/dev/roles:/home/ansible/dev/roles:/home/ansible/dev

The error appears to be in '/home/ansible/dev/test.yml': line 9, column 15, but may
be elsewhere in the file depending on the exact syntax problem.

The offending line appears to be:

    - import_role:
        name: example
              ^ here

2020-04-26 09:34:09,427 p=4464 u=ansible n=ansible | PLAY [Import role] ********************************************************************************************
2020-04-26 09:34:09,437 p=4464 u=ansible n=ansible | TASK [Gathering Facts] ****************************************************************************************
2020-04-26 09:34:11,088 p=4464 u=ansible n=ansible | ok: [node4]
2020-04-26 09:34:11,097 p=4464 u=ansible n=ansible | ok: [node3]
2020-04-26 09:34:11,109 p=4464 u=ansible n=ansible | TASK [echo] ***************************************************************************************************
2020-04-26 09:34:11,861 p=4464 u=ansible n=ansible | changed: [node3]
2020-04-26 09:34:11,864 p=4464 u=ansible n=ansible | changed: [node4]
2020-04-26 09:34:11,876 p=4464 u=ansible n=ansible | TASK [debug] **************************************************************************************************
2020-04-26 09:34:11,916 p=4464 u=ansible n=ansible | ok: [node3] => {
    "msg": "output"
}
2020-04-26 09:34:11,919 p=4464 u=ansible n=ansible | ok: [node4] => {
    "msg": "output"
}
2020-04-26 09:34:11,930 p=4464 u=ansible n=ansible | TASK [include_role : myfirewall] ******************************************************************************
2020-04-26 09:34:12,072 p=4464 u=ansible n=ansible | TASK [myfirewall : install firewalld] *************************************************************************
2020-04-26 09:34:13,269 p=4464 u=ansible n=ansible | ok: [node3]
2020-04-26 09:34:13,270 p=4464 u=ansible n=ansible | ok: [node4]
2020-04-26 09:34:13,281 p=4464 u=ansible n=ansible | TASK [myfirewall : start firewalld service] *******************************************************************
2020-04-26 09:34:14,805 p=4464 u=ansible n=ansible | changed: [node3]
2020-04-26 09:34:14,810 p=4464 u=ansible n=ansible | changed: [node4]
2020-04-26 09:34:14,822 p=4464 u=ansible n=ansible | TASK [myfirewall : open ports in firewalld] *******************************************************************
2020-04-26 09:34:15,884 p=4464 u=ansible n=ansible | ok: [node3]
2020-04-26 09:34:15,887 p=4464 u=ansible n=ansible | ok: [node4]
2020-04-26 09:34:15,899 p=4464 u=ansible n=ansible | TASK [git : Install git] **************************************************************************************
2020-04-26 09:34:16,718 p=4464 u=ansible n=ansible | fatal: [node4]: FAILED! => {"changed": false, "msg": "value of state must be one of: absent, installed, latest, present, removed, got: lat"}
2020-04-26 09:34:16,722 p=4464 u=ansible n=ansible | fatal: [node3]: FAILED! => {"changed": false, "msg": "value of state must be one of: absent, installed, latest, present, removed, got: lat"}
2020-04-26 09:34:16,724 p=4464 u=ansible n=ansible | PLAY RECAP ****************************************************************************************************
2020-04-26 09:34:16,724 p=4464 u=ansible n=ansible | node3                      : ok=6    changed=2    unreachable=0    failed=1    skipped=0    rescued=0    ignored=0   
2020-04-26 09:34:16,724 p=4464 u=ansible n=ansible | node4                      : ok=6    changed=2    unreachable=0    failed=1    skipped=0    rescued=0    ignored=0   
2020-04-26 09:35:32,181 p=4615 u=ansible n=ansible | PLAY [Import role] ********************************************************************************************
2020-04-26 09:35:32,192 p=4615 u=ansible n=ansible | TASK [Gathering Facts] ****************************************************************************************
2020-04-26 09:35:33,841 p=4615 u=ansible n=ansible | ok: [node4]
2020-04-26 09:35:33,850 p=4615 u=ansible n=ansible | ok: [node3]
2020-04-26 09:35:33,862 p=4615 u=ansible n=ansible | TASK [echo] ***************************************************************************************************
2020-04-26 09:35:34,608 p=4615 u=ansible n=ansible | changed: [node4]
2020-04-26 09:35:34,614 p=4615 u=ansible n=ansible | changed: [node3]
2020-04-26 09:35:34,625 p=4615 u=ansible n=ansible | TASK [debug] **************************************************************************************************
2020-04-26 09:35:34,667 p=4615 u=ansible n=ansible | ok: [node3] => {
    "msg": "output"
}
2020-04-26 09:35:34,670 p=4615 u=ansible n=ansible | ok: [node4] => {
    "msg": "output"
}
2020-04-26 09:35:34,682 p=4615 u=ansible n=ansible | TASK [git : Install git] **************************************************************************************
2020-04-26 09:35:35,919 p=4615 u=ansible n=ansible | fatal: [node4]: FAILED! => {"changed": false, "msg": "value of state must be one of: absent, installed, latest, present, removed, got: lat"}
2020-04-26 09:35:35,926 p=4615 u=ansible n=ansible | fatal: [node3]: FAILED! => {"changed": false, "msg": "value of state must be one of: absent, installed, latest, present, removed, got: lat"}
2020-04-26 09:35:35,927 p=4615 u=ansible n=ansible | PLAY RECAP ****************************************************************************************************
2020-04-26 09:35:35,927 p=4615 u=ansible n=ansible | node3                      : ok=3    changed=1    unreachable=0    failed=1    skipped=0    rescued=0    ignored=0   
2020-04-26 09:35:35,927 p=4615 u=ansible n=ansible | node4                      : ok=3    changed=1    unreachable=0    failed=1    skipped=0    rescued=0    ignored=0   
2020-04-26 09:36:23,546 p=4709 u=ansible n=ansible | PLAY [Import role] ********************************************************************************************
2020-04-26 09:36:23,556 p=4709 u=ansible n=ansible | TASK [Gathering Facts] ****************************************************************************************
2020-04-26 09:36:24,905 p=4709 u=ansible n=ansible | ok: [node3]
2020-04-26 09:36:24,913 p=4709 u=ansible n=ansible | ok: [node4]
2020-04-26 09:36:24,925 p=4709 u=ansible n=ansible | TASK [debug] **************************************************************************************************
2020-04-26 09:36:24,967 p=4709 u=ansible n=ansible | ok: [node3] => {
    "msg": "Hello world!"
}
2020-04-26 09:36:24,970 p=4709 u=ansible n=ansible | ok: [node4] => {
    "msg": "Hello world!"
}
2020-04-26 09:36:24,981 p=4709 u=ansible n=ansible | TASK [git : Install git] **************************************************************************************
2020-04-26 09:36:26,201 p=4709 u=ansible n=ansible | fatal: [node4]: FAILED! => {"changed": false, "msg": "value of state must be one of: absent, installed, latest, present, removed, got: lat"}
2020-04-26 09:36:26,212 p=4709 u=ansible n=ansible | fatal: [node3]: FAILED! => {"changed": false, "msg": "value of state must be one of: absent, installed, latest, present, removed, got: lat"}
2020-04-26 09:36:26,213 p=4709 u=ansible n=ansible | PLAY RECAP ****************************************************************************************************
2020-04-26 09:36:26,214 p=4709 u=ansible n=ansible | node3                      : ok=2    changed=0    unreachable=0    failed=1    skipped=0    rescued=0    ignored=0   
2020-04-26 09:36:26,214 p=4709 u=ansible n=ansible | node4                      : ok=2    changed=0    unreachable=0    failed=1    skipped=0    rescued=0    ignored=0   
2020-04-26 09:37:55,691 p=4778 u=ansible n=ansible | PLAY [Import role] ********************************************************************************************
2020-04-26 09:37:55,700 p=4778 u=ansible n=ansible | TASK [Gathering Facts] ****************************************************************************************
2020-04-26 09:37:56,859 p=4778 u=ansible n=ansible | ok: [localhost]
2020-04-26 09:37:56,872 p=4778 u=ansible n=ansible | TASK [debug] **************************************************************************************************
2020-04-26 09:37:56,888 p=4778 u=ansible n=ansible | ok: [localhost] => {
    "msg": "Hello world!"
}
2020-04-26 09:37:56,899 p=4778 u=ansible n=ansible | TASK [git : Install git] **************************************************************************************
2020-04-26 09:37:57,685 p=4778 u=ansible n=ansible | fatal: [localhost]: FAILED! => {"changed": false, "msg": "value of state must be one of: absent, installed, latest, present, removed, got: lat"}
2020-04-26 09:37:57,686 p=4778 u=ansible n=ansible | PLAY RECAP ****************************************************************************************************
2020-04-26 09:37:57,686 p=4778 u=ansible n=ansible | localhost                  : ok=2    changed=0    unreachable=0    failed=1    skipped=0    rescued=0    ignored=0   
2020-04-26 09:39:11,407 p=4948 u=ansible n=ansible | PLAY [Import role] ********************************************************************************************
2020-04-26 09:39:11,417 p=4948 u=ansible n=ansible | TASK [Gathering Facts] ****************************************************************************************
2020-04-26 09:39:12,316 p=4948 u=ansible n=ansible | ok: [localhost]
2020-04-26 09:39:12,328 p=4948 u=ansible n=ansible | TASK [debug] **************************************************************************************************
2020-04-26 09:39:12,345 p=4948 u=ansible n=ansible | ok: [localhost] => {
    "msg": "Hello world!"
}
2020-04-26 09:39:12,358 p=4948 u=ansible n=ansible | TASK [git : Install git] **************************************************************************************
2020-04-26 09:39:12,370 p=4948 u=ansible n=ansible | skipping: [localhost]
2020-04-26 09:39:12,371 p=4948 u=ansible n=ansible | PLAY RECAP ****************************************************************************************************
2020-04-26 09:39:12,372 p=4948 u=ansible n=ansible | localhost                  : ok=2    changed=0    unreachable=0    failed=0    skipped=1    rescued=0    ignored=0   
2020-04-26 09:40:26,594 p=5025 u=ansible n=ansible | PLAY [Import role] ********************************************************************************************
2020-04-26 09:40:26,604 p=5025 u=ansible n=ansible | TASK [debug] **************************************************************************************************
2020-04-26 09:40:26,620 p=5025 u=ansible n=ansible | ok: [localhost] => {
    "msg": "Hello world!"
}
2020-04-26 09:40:26,624 p=5025 u=ansible n=ansible | TASK [git : Install git] **************************************************************************************
2020-04-26 09:40:26,635 p=5025 u=ansible n=ansible | skipping: [localhost]
2020-04-26 09:40:26,637 p=5025 u=ansible n=ansible | PLAY RECAP ****************************************************************************************************
2020-04-26 09:40:26,637 p=5025 u=ansible n=ansible | localhost                  : ok=1    changed=0    unreachable=0    failed=0    skipped=1    rescued=0    ignored=0   
2020-04-26 09:40:35,821 p=5039 u=ansible n=ansible | ERROR! the role 'example' was not found in /home/ansible/dev/roles:/home/ansible/dev/roles:/home/ansible/dev

The error appears to be in '/home/ansible/dev/test.yml': line 9, column 15, but may
be elsewhere in the file depending on the exact syntax problem.

The offending line appears to be:

    - import_role:
        name: example
              ^ here

2020-04-26 09:40:56,064 p=5049 u=ansible n=ansible | PLAY [localhost] **********************************************************************************************
2020-04-26 09:40:56,074 p=5049 u=ansible n=ansible | TASK [debug] **************************************************************************************************
2020-04-26 09:40:56,090 p=5049 u=ansible n=ansible | ok: [localhost] => {
    "msg": "Hello world!"
}
2020-04-26 09:40:56,093 p=5049 u=ansible n=ansible | TASK [include_role : example] *********************************************************************************
2020-04-26 09:40:56,108 p=5049 u=ansible n=ansible | ERROR! the role 'example' was not found in /home/ansible/dev/roles:/home/ansible/dev/roles:/home/ansible/dev

The error appears to be in '/home/ansible/dev/test.yml': line 9, column 15, but may
be elsewhere in the file depending on the exact syntax problem.

The offending line appears to be:

    - include_role:
        name: example
              ^ here

2020-04-26 09:40:56,110 p=5049 u=ansible n=ansible | PLAY RECAP ****************************************************************************************************
2020-04-26 09:40:56,110 p=5049 u=ansible n=ansible | localhost                  : ok=1    changed=0    unreachable=0    failed=0    skipped=0    rescued=0    ignored=0   
2020-04-26 09:41:53,281 p=5080 u=ansible n=ansible | PLAY [localhost] **********************************************************************************************
2020-04-26 09:41:53,291 p=5080 u=ansible n=ansible | TASK [debug] **************************************************************************************************
2020-04-26 09:41:53,307 p=5080 u=ansible n=ansible | ok: [localhost] => {
    "msg": "Hello world!"
}
2020-04-26 09:41:53,310 p=5080 u=ansible n=ansible | TASK [include_role : examples] ********************************************************************************
2020-04-26 09:41:53,328 p=5080 u=ansible n=ansible | ERROR! no module/action detected in task.

The error appears to be in '/home/ansible/dev/roles/examples/tasks/main.yml': line 5, column 3, but may
be elsewhere in the file depending on the exact syntax problem.

The offending line appears to be:


- debugger:
  ^ here

2020-04-26 09:41:53,329 p=5080 u=ansible n=ansible | PLAY RECAP ****************************************************************************************************
2020-04-26 09:41:53,329 p=5080 u=ansible n=ansible | localhost                  : ok=1    changed=0    unreachable=0    failed=0    skipped=0    rescued=0    ignored=0   
2020-04-26 09:58:22,339 p=5346 u=ansible n=ansible | PLAY [Import role] ********************************************************************************************
2020-04-26 09:58:22,348 p=5346 u=ansible n=ansible | TASK [echo] ***************************************************************************************************
2020-04-26 09:58:22,807 p=5346 u=ansible n=ansible | changed: [localhost]
2020-04-26 09:58:22,811 p=5346 u=ansible n=ansible | TASK [debug] **************************************************************************************************
2020-04-26 09:58:22,827 p=5346 u=ansible n=ansible | ok: [localhost] => {
    "msg": "output"
}
2020-04-26 09:58:22,829 p=5346 u=ansible n=ansible | TASK [include_role : myfirewall] ******************************************************************************
2020-04-26 09:58:22,921 p=5346 u=ansible n=ansible | TASK [myfirewall : install firewalld] *************************************************************************
2020-04-26 09:58:37,905 p=5346 u=ansible n=ansible | ok: [localhost]
2020-04-26 09:58:37,908 p=5346 u=ansible n=ansible | TASK [myfirewall : start firewalld service] *******************************************************************
2020-04-26 09:58:39,368 p=5346 u=ansible n=ansible | changed: [localhost]
2020-04-26 09:58:39,371 p=5346 u=ansible n=ansible | TASK [myfirewall : open ports in firewalld] *******************************************************************
2020-04-26 09:58:40,674 p=5346 u=ansible n=ansible | changed: [localhost]
2020-04-26 09:58:40,676 p=5346 u=ansible n=ansible | PLAY RECAP ****************************************************************************************************
2020-04-26 09:58:40,677 p=5346 u=ansible n=ansible | localhost                  : ok=5    changed=3    unreachable=0    failed=0    skipped=0    rescued=0    ignored=0   
2020-04-26 10:02:00,412 p=5753 u=ansible n=ansible | PLAY [localhost] **********************************************************************************************
2020-04-26 10:02:00,422 p=5753 u=ansible n=ansible | TASK [debug] **************************************************************************************************
2020-04-26 10:02:00,438 p=5753 u=ansible n=ansible | ok: [localhost] => {
    "msg": "Hello world!"
}
2020-04-26 10:02:00,441 p=5753 u=ansible n=ansible | TASK [include_role : examples] ********************************************************************************
2020-04-26 10:02:00,459 p=5753 u=ansible n=ansible | ERROR! no module/action detected in task.

The error appears to be in '/home/ansible/dev/roles/examples/tasks/main.yml': line 5, column 3, but may
be elsewhere in the file depending on the exact syntax problem.

The offending line appears to be:


- debugger:
  ^ here

2020-04-26 10:02:00,460 p=5753 u=ansible n=ansible | PLAY RECAP ****************************************************************************************************
2020-04-26 10:02:00,460 p=5753 u=ansible n=ansible | localhost                  : ok=1    changed=0    unreachable=0    failed=0    skipped=0    rescued=0    ignored=0   
2020-04-26 10:03:55,328 p=5919 u=ansible n=ansible | ERROR! no module/action detected in task.

The error appears to be in '/home/ansible/dev/roles/examples/tasks/main.yml': line 5, column 3, but may
be elsewhere in the file depending on the exact syntax problem.

The offending line appears to be:


- debugger:
  ^ here

2020-04-29 15:46:16,197 p=1919 u=ansible n=ansible | localhost | CHANGED => {
    "ansible_facts": {
        "pkg_mgr": "yum"
    }, 
    "changed": true, 
    "changes": {
        "installed": [
            "git"
        ], 
        "updated": []
    }, 
    "msg": "", 
    "obsoletes": {
        "iwl7265-firmware": {
            "dist": "noarch", 
            "repo": "@anaconda", 
            "version": "22.0.7.0-72.el7"
        }
    }, 
    "rc": 0, 
    "results": [
        "Loaded plugins: fastestmirror\nLoading mirror speeds from cached hostfile\n * base: mirrors.usinternet.com\n * epel: mirror.colorado.edu\n * extras: mirrors.umflint.edu\n * updates: linux-mirrors.fnal.gov\nResolving Dependencies\n--> Running transaction check\n---> Package git.x86_64 0:1.8.3.1-21.el7_7 will be installed\n--> Processing Dependency: perl-Git = 1.8.3.1-21.el7_7 for package: git-1.8.3.1-21.el7_7.x86_64\n--> Processing Dependency: perl(Term::ReadKey) for package: git-1.8.3.1-21.el7_7.x86_64\n--> Processing Dependency: perl(Git) for package: git-1.8.3.1-21.el7_7.x86_64\n--> Processing Dependency: perl(Error) for package: git-1.8.3.1-21.el7_7.x86_64\n--> Running transaction check\n---> Package perl-Error.noarch 1:0.17020-2.el7 will be installed\n---> Package perl-Git.noarch 0:1.8.3.1-21.el7_7 will be installed\n---> Package perl-TermReadKey.x86_64 0:2.30-20.el7 will be installed\n--> Finished Dependency Resolution\n\nDependencies Resolved\n\n================================================================================\n Package                Arch         Version                   Repository  Size\n================================================================================\nInstalling:\n git                    x86_64       1.8.3.1-21.el7_7          base       4.4 M\nInstalling for dependencies:\n perl-Error             noarch       1:0.17020-2.el7           base        32 k\n perl-Git               noarch       1.8.3.1-21.el7_7          base        55 k\n perl-TermReadKey       x86_64       2.30-20.el7               base        31 k\n\nTransaction Summary\n================================================================================\nInstall  1 Package (+3 Dependent packages)\n\nTotal download size: 4.5 M\nInstalled size: 22 M\nDownloading packages:\n--------------------------------------------------------------------------------\nTotal                                              3.5 MB/s | 4.5 MB  00:01     \nRunning transaction check\nRunning transaction test\nTransaction test succeeded\nRunning transaction\n  Installing : 1:perl-Error-0.17020-2.el7.noarch                            1/4 \n  Installing : perl-TermReadKey-2.30-20.el7.x86_64                          2/4 \n  Installing : perl-Git-1.8.3.1-21.el7_7.noarch                             3/4 \n  Installing : git-1.8.3.1-21.el7_7.x86_64                                  4/4 \n  Verifying  : git-1.8.3.1-21.el7_7.x86_64                                  1/4 \n  Verifying  : 1:perl-Error-0.17020-2.el7.noarch                            2/4 \n  Verifying  : perl-Git-1.8.3.1-21.el7_7.noarch                             3/4 \n  Verifying  : perl-TermReadKey-2.30-20.el7.x86_64                          4/4 \n\nInstalled:\n  git.x86_64 0:1.8.3.1-21.el7_7                                                 \n\nDependency Installed:\n  perl-Error.noarch 1:0.17020-2.el7        perl-Git.noarch 0:1.8.3.1-21.el7_7   \n  perl-TermReadKey.x86_64 0:2.30-20.el7   \n\nComplete!\n"
    ]
}
